This is XeTeX, Version 3.141592653-2.6-0.999993 (TeX Live 2021) (preloaded format=xelatex 2021.4.6)  7 APR 2021 15:32
entering extended mode
 restricted \write18 enabled.
 %&-line parsing enabled.
**preface.tex
(./preface.tex
LaTeX2e <2020-10-01> patch level 4
L3 programming layer <2021-02-18> (/Users/martin/Library/TinyTeX/texmf-dist/tex
/latex/base/book.cls
Document Class: book 2020/04/10 v1.4m Standard LaTeX document class
(/Users/martin/Library/TinyTeX/texmf-dist/tex/latex/base/bk10.clo
File: bk10.clo 2020/04/10 v1.4m Standard LaTeX file (size option)
)
\c@part=\count175
\c@chapter=\count176
\c@section=\count177
\c@subsection=\count178
\c@subsubsection=\count179
\c@paragraph=\count180
\c@subparagraph=\count181
\c@figure=\count182
\c@table=\count183
\abovecaptionskip=\skip47
\belowcaptionskip=\skip48
\bibindent=\dimen138
) (/Users/martin/Library/TinyTeX/texmf-dist/tex/latex/amsmath/amsmath.sty
Package: amsmath 2020/09/23 v2.17i AMS math features
\@mathmargin=\skip49
For additional information on amsmath, use the `?' option.
(/Users/martin/Library/TinyTeX/texmf-dist/tex/latex/amsmath/amstext.sty
Package: amstext 2000/06/29 v2.01 AMS text
(/Users/martin/Library/TinyTeX/texmf-dist/tex/latex/amsmath/amsgen.sty
File: amsgen.sty 1999/11/30 v2.0 generic functions
\@emptytoks=\toks15
\ex@=\dimen139
)) (/Users/martin/Library/TinyTeX/texmf-dist/tex/latex/amsmath/amsbsy.sty
Package: amsbsy 1999/11/29 v1.2d Bold Symbols
\pmbraise@=\dimen140
) (/Users/martin/Library/TinyTeX/texmf-dist/tex/latex/amsmath/amsopn.sty
Package: amsopn 2016/03/08 v2.02 operator names
)
\inf@bad=\count184
LaTeX Info: Redefining \frac on input line 234.
\uproot@=\count185
\leftroot@=\count186
LaTeX Info: Redefining \overline on input line 399.
\classnum@=\count187
\DOTSCASE@=\count188
LaTeX Info: Redefining \ldots on input line 496.
LaTeX Info: Redefining \dots on input line 499.
LaTeX Info: Redefining \cdots on input line 620.
\Mathstrutbox@=\box47
\strutbox@=\box48
\big@size=\dimen141
LaTeX Font Info:    Redeclaring font encoding OML on input line 743.
LaTeX Font Info:    Redeclaring font encoding OMS on input line 744.
\macc@depth=\count189
\c@MaxMatrixCols=\count190
\dotsspace@=\muskip16
\c@parentequation=\count191
\dspbrk@lvl=\count192
\tag@help=\toks16
\row@=\count193
\column@=\count194
\maxfields@=\count195
\andhelp@=\toks17
\eqnshift@=\dimen142
\alignsep@=\dimen143
\tagshift@=\dimen144
\tagwidth@=\dimen145
\totwidth@=\dimen146
\lineht@=\dimen147
\@envbody=\toks18
\multlinegap=\skip50
\multlinetaggap=\skip51
\mathdisplay@stack=\toks19
LaTeX Info: Redefining \[ on input line 2923.
LaTeX Info: Redefining \] on input line 2924.
) (/Users/martin/Library/TinyTeX/texmf-dist/tex/latex/amsfonts/amssymb.sty
Package: amssymb 2013/01/14 v3.01 AMS font symbols
(/Users/martin/Library/TinyTeX/texmf-dist/tex/latex/amsfonts/amsfonts.sty
Package: amsfonts 2013/01/14 v3.01 Basic AMSFonts support
\symAMSa=\mathgroup4
\symAMSb=\mathgroup5
LaTeX Font Info:    Redeclaring math symbol \hbar on input line 98.
LaTeX Font Info:    Overwriting math alphabet `\mathfrak' in version `bold'
(Font)                  U/euf/m/n --> U/euf/b/n on input line 106.
)) (/Users/martin/Library/TinyTeX/texmf-dist/tex/latex/lm/lmodern.sty
Package: lmodern 2015/05/01 v1.6.1 Latin Modern Fonts
LaTeX Font Info:    Overwriting symbol font `operators' in version `normal'
(Font)                  OT1/cmr/m/n --> OT1/lmr/m/n on input line 22.
LaTeX Font Info:    Overwriting symbol font `letters' in version `normal'
(Font)                  OML/cmm/m/it --> OML/lmm/m/it on input line 23.
LaTeX Font Info:    Overwriting symbol font `symbols' in version `normal'
(Font)                  OMS/cmsy/m/n --> OMS/lmsy/m/n on input line 24.
LaTeX Font Info:    Overwriting symbol font `largesymbols' in version `normal'
(Font)                  OMX/cmex/m/n --> OMX/lmex/m/n on input line 25.
LaTeX Font Info:    Overwriting symbol font `operators' in version `bold'
(Font)                  OT1/cmr/bx/n --> OT1/lmr/bx/n on input line 26.
LaTeX Font Info:    Overwriting symbol font `letters' in version `bold'
(Font)                  OML/cmm/b/it --> OML/lmm/b/it on input line 27.
LaTeX Font Info:    Overwriting symbol font `symbols' in version `bold'
(Font)                  OMS/cmsy/b/n --> OMS/lmsy/b/n on input line 28.
LaTeX Font Info:    Overwriting symbol font `largesymbols' in version `bold'
(Font)                  OMX/cmex/m/n --> OMX/lmex/m/n on input line 29.
LaTeX Font Info:    Overwriting math alphabet `\mathbf' in version `normal'
(Font)                  OT1/cmr/bx/n --> OT1/lmr/bx/n on input line 31.
LaTeX Font Info:    Overwriting math alphabet `\mathsf' in version `normal'
(Font)                  OT1/cmss/m/n --> OT1/lmss/m/n on input line 32.
LaTeX Font Info:    Overwriting math alphabet `\mathit' in version `normal'
(Font)                  OT1/cmr/m/it --> OT1/lmr/m/it on input line 33.
LaTeX Font Info:    Overwriting math alphabet `\mathtt' in version `normal'
(Font)                  OT1/cmtt/m/n --> OT1/lmtt/m/n on input line 34.
LaTeX Font Info:    Overwriting math alphabet `\mathbf' in version `bold'
(Font)                  OT1/cmr/bx/n --> OT1/lmr/bx/n on input line 35.
LaTeX Font Info:    Overwriting math alphabet `\mathsf' in version `bold'
(Font)                  OT1/cmss/bx/n --> OT1/lmss/bx/n on input line 36.
LaTeX Font Info:    Overwriting math alphabet `\mathit' in version `bold'
(Font)                  OT1/cmr/bx/it --> OT1/lmr/bx/it on input line 37.
LaTeX Font Info:    Overwriting math alphabet `\mathtt' in version `bold'
(Font)                  OT1/cmtt/m/n --> OT1/lmtt/m/n on input line 38.
) (/Users/martin/Library/TinyTeX/texmf-dist/tex/generic/iftex/ifxetex.sty
Package: ifxetex 2019/10/25 v0.7 ifxetex legacy package. Use iftex instead.
(/Users/martin/Library/TinyTeX/texmf-dist/tex/generic/iftex/iftex.sty
Package: iftex 2020/03/06 v1.0d TeX engine tests
)) (/Users/martin/Library/TinyTeX/texmf-dist/tex/generic/iftex/ifluatex.sty
Package: ifluatex 2019/10/25 v1.5 ifluatex legacy package. Use iftex instead.
)
(/Users/martin/Library/TinyTeX/texmf-dist/tex/latex/unicode-math/unicode-math.s
ty (/Users/martin/Library/TinyTeX/texmf-dist/tex/latex/l3kernel/expl3.sty
Package: expl3 2021-02-18 L3 programming layer (loader) 

(/Users/martin/Library/TinyTeX/texmf-dist/tex/latex/l3backend/l3backend-xetex.d
ef
File: l3backend-xetex.def 2021-03-18 L3 backend support: XeTeX
(|extractbb --version)
\c__kernel_sys_dvipdfmx_version_int=\count196
\l__color_backend_stack_int=\count197
\g__color_backend_stack_int=\count198
\g__graphics_track_int=\count199
\l__pdf_internal_box=\box49
\g__pdf_backend_object_int=\count266
\g__pdf_backend_annotation_int=\count267
\g__pdf_backend_link_int=\count268
))
Package: unicode-math 2020/01/31 v0.8q Unicode maths in XeLaTeX and LuaLaTeX

(/Users/martin/Library/TinyTeX/texmf-dist/tex/latex/unicode-math/unicode-math-x
etex.sty
Package: unicode-math-xetex 2020/01/31 v0.8q Unicode maths in XeLaTeX and LuaLa
TeX

(/Users/martin/Library/TinyTeX/texmf-dist/tex/latex/l3packages/xparse/xparse.st
y
(/Users/martin/Library/TinyTeX/texmf-dist/tex/latex/l3packages/xparse/xparse-20
20-10-01.sty
(/Users/martin/Library/TinyTeX/texmf-dist/tex/latex/l3packages/xparse/xparse-ge
neric.tex)))
(/Users/martin/Library/TinyTeX/texmf-dist/tex/latex/l3packages/l3keys2e/l3keys2
e.sty
Package: l3keys2e 2021-03-12 LaTeX2e option processing using LaTeX3 keys
) (/Users/martin/Library/TinyTeX/texmf-dist/tex/latex/fontspec/fontspec.sty
Package: fontspec 2020/02/21 v2.7i Font selection for XeLaTeX and LuaLaTeX

(/Users/martin/Library/TinyTeX/texmf-dist/tex/latex/fontspec/fontspec-xetex.sty
Package: fontspec-xetex 2020/02/21 v2.7i Font selection for XeLaTeX and LuaLaTe
X
\l__fontspec_script_int=\count269
\l__fontspec_language_int=\count270
\l__fontspec_strnum_int=\count271
\l__fontspec_tmp_int=\count272
\l__fontspec_tmpa_int=\count273
\l__fontspec_tmpb_int=\count274
\l__fontspec_tmpc_int=\count275
\l__fontspec_em_int=\count276
\l__fontspec_emdef_int=\count277
\l__fontspec_strong_int=\count278
\l__fontspec_strongdef_int=\count279
\l__fontspec_tmpa_dim=\dimen148
\l__fontspec_tmpb_dim=\dimen149
\l__fontspec_tmpc_dim=\dimen150
(/Users/martin/Library/TinyTeX/texmf-dist/tex/latex/base/fontenc.sty
Package: fontenc 2020/08/10 v2.0s Standard LaTeX package
) (/Users/martin/Library/TinyTeX/texmf-dist/tex/latex/fontspec/fontspec.cfg))) 
(/Users/martin/Library/TinyTeX/texmf-dist/tex/latex/base/fix-cm.sty
Package: fix-cm 2015/01/14 v1.1t fixes to LaTeX
(/Users/martin/Library/TinyTeX/texmf-dist/tex/latex/base/ts1enc.def
File: ts1enc.def 2001/06/05 v3.0e (jk/car/fm) Standard LaTeX file
LaTeX Font Info:    Redeclaring font encoding TS1 on input line 47.
))
\g__um_fam_int=\count280
\g__um_fonts_used_int=\count281
\l__um_primecount_int=\count282
\g__um_primekern_muskip=\muskip17

(/Users/martin/Library/TinyTeX/texmf-dist/tex/latex/unicode-math/unicode-math-t
able.tex))) (/Users/martin/Library/TinyTeX/texmf-dist/tex/latex/xcolor/xcolor.s
ty
Package: xcolor 2016/05/11 v2.12 LaTeX color extensions (UK)
(/Users/martin/Library/TinyTeX/texmf-dist/tex/latex/graphics-cfg/color.cfg
File: color.cfg 2016/01/02 v1.6 sample color configuration
)
Package xcolor Info: Driver file: xetex.def on input line 225.
(/Users/martin/Library/TinyTeX/texmf-dist/tex/latex/graphics-def/xetex.def
File: xetex.def 2021/03/18 v5.0k Graphics/color driver for xetex
)
Package xcolor Info: Model `cmy' substituted by `cmy0' on input line 1348.
Package xcolor Info: Model `RGB' extended on input line 1364.
Package xcolor Info: Model `HTML' substituted by `rgb' on input line 1366.
Package xcolor Info: Model `Hsb' substituted by `hsb' on input line 1367.
Package xcolor Info: Model `tHsb' substituted by `hsb' on input line 1368.
Package xcolor Info: Model `HSB' substituted by `hsb' on input line 1369.
Package xcolor Info: Model `Gray' substituted by `gray' on input line 1370.
Package xcolor Info: Model `wave' substituted by `hsb' on input line 1371.
) (/Users/martin/Library/TinyTeX/texmf-dist/tex/latex/hyperref/hyperref.sty
Package: hyperref 2021-02-27 v7.00k Hypertext links for LaTeX
(/Users/martin/Library/TinyTeX/texmf-dist/tex/generic/ltxcmds/ltxcmds.sty
Package: ltxcmds 2020-05-10 v1.25 LaTeX kernel commands for general use (HO)
)
(/Users/martin/Library/TinyTeX/texmf-dist/tex/generic/pdftexcmds/pdftexcmds.sty
Package: pdftexcmds 2020-06-27 v0.33 Utility functions of pdfTeX for LuaTeX (HO
)
(/Users/martin/Library/TinyTeX/texmf-dist/tex/generic/infwarerr/infwarerr.sty
Package: infwarerr 2019/12/03 v1.5 Providing info/warning/error messages (HO)
)
Package pdftexcmds Info: \pdf@primitive is available.
Package pdftexcmds Info: \pdf@ifprimitive is available.
Package pdftexcmds Info: \pdfdraftmode not found.
) (/Users/martin/Library/TinyTeX/texmf-dist/tex/latex/graphics/keyval.sty
Package: keyval 2014/10/28 v1.15 key=value parser (DPC)
\KV@toks@=\toks20
) (/Users/martin/Library/TinyTeX/texmf-dist/tex/generic/kvsetkeys/kvsetkeys.sty
Package: kvsetkeys 2019/12/15 v1.18 Key value parser (HO)
)
(/Users/martin/Library/TinyTeX/texmf-dist/tex/generic/kvdefinekeys/kvdefinekeys
.sty
Package: kvdefinekeys 2019-12-19 v1.6 Define keys (HO)
) (/Users/martin/Library/TinyTeX/texmf-dist/tex/generic/pdfescape/pdfescape.sty
Package: pdfescape 2019/12/09 v1.15 Implements pdfTeX's escape features (HO)
) (/Users/martin/Library/TinyTeX/texmf-dist/tex/latex/hycolor/hycolor.sty
Package: hycolor 2020-01-27 v1.10 Color options for hyperref/bookmark (HO)
)
(/Users/martin/Library/TinyTeX/texmf-dist/tex/latex/letltxmacro/letltxmacro.sty
Package: letltxmacro 2019/12/03 v1.6 Let assignment for LaTeX macros (HO)
) (/Users/martin/Library/TinyTeX/texmf-dist/tex/latex/auxhook/auxhook.sty
Package: auxhook 2019-12-17 v1.6 Hooks for auxiliary files (HO)
) (/Users/martin/Library/TinyTeX/texmf-dist/tex/latex/kvoptions/kvoptions.sty
Package: kvoptions 2020-10-07 v3.14 Key value format for package options (HO)
)
\@linkdim=\dimen151
\Hy@linkcounter=\count283
\Hy@pagecounter=\count284
(/Users/martin/Library/TinyTeX/texmf-dist/tex/latex/hyperref/pd1enc.def
File: pd1enc.def 2021-02-27 v7.00k Hyperref: PDFDocEncoding definition (HO)
)
(/Users/martin/Library/TinyTeX/texmf-dist/tex/latex/hyperref/hyperref-langpatch
es.def
File: hyperref-langpatches.def 2021-02-27 v7.00k Hyperref: patches for babel la
nguages
) (/Users/martin/Library/TinyTeX/texmf-dist/tex/generic/intcalc/intcalc.sty
Package: intcalc 2019/12/15 v1.3 Expandable calculations with integers (HO)
) (/Users/martin/Library/TinyTeX/texmf-dist/tex/generic/etexcmds/etexcmds.sty
Package: etexcmds 2019/12/15 v1.7 Avoid name clashes with e-TeX commands (HO)
)
\Hy@SavedSpaceFactor=\count285
(/Users/martin/Library/TinyTeX/texmf-dist/tex/latex/hyperref/puenc.def
File: puenc.def 2021-02-27 v7.00k Hyperref: PDF Unicode definition (HO)
)
Package hyperref Info: Option `unicode' set `true' on input line 4073.
Package hyperref Info: Hyper figures OFF on input line 4192.
Package hyperref Info: Link nesting OFF on input line 4197.
Package hyperref Info: Hyper index ON on input line 4200.
Package hyperref Info: Plain pages OFF on input line 4207.
Package hyperref Info: Backreferencing OFF on input line 4212.
Package hyperref Info: Implicit mode ON; LaTeX internals redefined.
Package hyperref Info: Bookmarks ON on input line 4445.
\c@Hy@tempcnt=\count286
(/Users/martin/Library/TinyTeX/texmf-dist/tex/latex/url/url.sty
\Urlmuskip=\muskip18
Package: url 2013/09/16  ver 3.4  Verb mode for urls, etc.
)
LaTeX Info: Redefining \url on input line 4804.
\XeTeXLinkMargin=\dimen152
(/Users/martin/Library/TinyTeX/texmf-dist/tex/generic/bitset/bitset.sty
Package: bitset 2019/12/09 v1.3 Handle bit-vector datatype (HO)

(/Users/martin/Library/TinyTeX/texmf-dist/tex/generic/bigintcalc/bigintcalc.sty
Package: bigintcalc 2019/12/15 v1.5 Expandable calculations on big integers (HO
)
))
\Fld@menulength=\count287
\Field@Width=\dimen153
\Fld@charsize=\dimen154
Package hyperref Info: Hyper figures OFF on input line 6075.
Package hyperref Info: Link nesting OFF on input line 6080.
Package hyperref Info: Hyper index ON on input line 6083.
Package hyperref Info: backreferencing OFF on input line 6090.
Package hyperref Info: Link coloring OFF on input line 6095.
Package hyperref Info: Link coloring with OCG OFF on input line 6100.
Package hyperref Info: PDF/A mode OFF on input line 6105.
LaTeX Info: Redefining \ref on input line 6145.
LaTeX Info: Redefining \pageref on input line 6149.
(/Users/martin/Library/TinyTeX/texmf-dist/tex/latex/base/atbegshi-ltx.sty
Package: atbegshi-ltx 2020/08/17 v1.0a Emulation of the original atbegshi packa
ge
with kernel methods
)
\Hy@abspage=\count288
\c@Item=\count289
\c@Hfootnote=\count290
)
Package hyperref Info: Driver (autodetected): hxetex.
(/Users/martin/Library/TinyTeX/texmf-dist/tex/latex/hyperref/hxetex.def
File: hxetex.def 2021-02-27 v7.00k Hyperref driver for XeTeX
(/Users/martin/Library/TinyTeX/texmf-dist/tex/generic/stringenc/stringenc.sty
Package: stringenc 2019/11/29 v1.12 Convert strings between diff. encodings (HO
)
)
\pdfm@box=\box50
\c@Hy@AnnotLevel=\count291
\HyField@AnnotCount=\count292
\Fld@listcount=\count293
\c@bookmark@seq@number=\count294

(/Users/martin/Library/TinyTeX/texmf-dist/tex/latex/rerunfilecheck/rerunfileche
ck.sty
Package: rerunfilecheck 2019/12/05 v1.9 Rerun checks for auxiliary files (HO)
(/Users/martin/Library/TinyTeX/texmf-dist/tex/latex/base/atveryend-ltx.sty
Package: atveryend-ltx 2020/08/19 v1.0a Emulation of the original atvery packag
e
with kernel methods
)
(/Users/martin/Library/TinyTeX/texmf-dist/tex/generic/uniquecounter/uniquecount
er.sty
Package: uniquecounter 2019/12/15 v1.4 Provide unlimited unique counter (HO)
)
Package uniquecounter Info: New unique counter `rerunfilecheck' on input line 2
86.
)
\Hy@SectionHShift=\skip52
) (/Users/martin/Library/TinyTeX/texmf-dist/tex/latex/fancyvrb/fancyvrb.sty
Package: fancyvrb 2021/01/20 v3.7 verbatim text (tvz,hv)
\FV@CodeLineNo=\count295
\FV@InFile=\read2
\FV@TabBox=\box51
\c@FancyVerbLine=\count296
\FV@StepNumber=\count297
\FV@OutFile=\write3
) (/Users/martin/Library/TinyTeX/texmf-dist/tex/latex/framed/framed.sty
Package: framed 2011/10/22 v 0.96: framed or shaded text with page breaks
\OuterFrameSep=\skip53
\fb@frw=\dimen155
\fb@frh=\dimen156
\FrameRule=\dimen157
\FrameSep=\dimen158
) (/Users/martin/Library/TinyTeX/texmf-dist/tex/latex/tools/longtable.sty
Package: longtable 2020/01/07 v4.13 Multi-page Table package (DPC)
\LTleft=\skip54
\LTright=\skip55
\LTpre=\skip56
\LTpost=\skip57
\LTchunksize=\count298
\LTcapwidth=\dimen159
\LT@head=\box52
\LT@firsthead=\box53
\LT@foot=\box54
\LT@lastfoot=\box55
\LT@cols=\count299
\LT@rows=\count300
\c@LT@tables=\count301
\c@LT@chunks=\count302
\LT@p@ftn=\toks21
) (/Users/martin/Library/TinyTeX/texmf-dist/tex/latex/booktabs/booktabs.sty
Package: booktabs 2020/01/12 v1.61803398 Publication quality tables
\heavyrulewidth=\dimen160
\lightrulewidth=\dimen161
\cmidrulewidth=\dimen162
\belowrulesep=\dimen163
\belowbottomsep=\dimen164
\aboverulesep=\dimen165
\abovetopsep=\dimen166
\cmidrulesep=\dimen167
\cmidrulekern=\dimen168
\defaultaddspace=\dimen169
\@cmidla=\count303
\@cmidlb=\count304
\@aboverulesep=\dimen170
\@belowrulesep=\dimen171
\@thisruleclass=\count305
\@lastruleclass=\count306
\@thisrulewidth=\dimen172
) (/Users/martin/Library/TinyTeX/texmf-dist/tex/latex/tools/array.sty
Package: array 2020/10/01 v2.5c Tabular extension package (FMi)
\col@sep=\dimen173
\ar@mcellbox=\box56
\extrarowheight=\dimen174
\NC@list=\toks22
\extratabsurround=\skip58
\backup@length=\skip59
\ar@cellbox=\box57
) (/Users/martin/Library/TinyTeX/texmf-dist/tex/latex/tools/calc.sty
Package: calc 2017/05/25 v4.3 Infix arithmetic (KKT,FJ)
\calc@Acount=\count307
\calc@Bcount=\count308
\calc@Adimen=\dimen175
\calc@Bdimen=\dimen176
\calc@Askip=\skip60
\calc@Bskip=\skip61
LaTeX Info: Redefining \setlength on input line 80.
LaTeX Info: Redefining \addtolength on input line 81.
\calc@Ccount=\count309
\calc@Cskip=\skip62
) (/Users/martin/Library/TinyTeX/texmf-dist/tex/latex/etoolbox/etoolbox.sty
Package: etoolbox 2020/10/05 v2.5k e-TeX tools for LaTeX (JAW)
\etb@tempcnta=\count310
) (/Users/martin/Library/TinyTeX/texmf-dist/tex/latex/mdwtools/footnote.sty
Package: footnote 1997/01/28 1.13 Save footnotes around boxes
\fn@notes=\box58
\fn@width=\dimen177
) (/Users/martin/Library/TinyTeX/texmf-dist/tex/latex/graphics/graphicx.sty
Package: graphicx 2020/09/09 v1.2b Enhanced LaTeX Graphics (DPC,SPQR)
(/Users/martin/Library/TinyTeX/texmf-dist/tex/latex/graphics/graphics.sty
Package: graphics 2020/08/30 v1.4c Standard LaTeX Graphics (DPC,SPQR)
(/Users/martin/Library/TinyTeX/texmf-dist/tex/latex/graphics/trig.sty
Package: trig 2016/01/03 v1.10 sin cos tan (DPC)
) (/Users/martin/Library/TinyTeX/texmf-dist/tex/latex/graphics-cfg/graphics.cfg
File: graphics.cfg 2016/06/04 v1.11 sample graphics configuration
)
Package graphics Info: Driver file: xetex.def on input line 105.
)
\Gin@req@height=\dimen178
\Gin@req@width=\dimen179
) (/Users/martin/Library/TinyTeX/texmf-dist/tex/latex/colortbl/colortbl.sty
Package: colortbl 2020/01/04 v1.0e Color table columns (DPC)
\everycr=\toks23
\minrowclearance=\skip63
) (/Users/martin/Library/TinyTeX/texmf-dist/tex/latex/tabu/tabu.sty
Package: tabu 2019/01/11 v2.9 - flexible LaTeX tabulars (FC+tabu-fixed)
(/Users/martin/Library/TinyTeX/texmf-dist/tex/latex/varwidth/varwidth.sty
Package: varwidth 2009/03/30 ver 0.92;  Variable-width minipages
\@vwid@box=\box59
\sift@deathcycles=\count311
\@vwid@loff=\dimen180
\@vwid@roff=\dimen181
)
\c@taburow=\count312
\tabu@nbcols=\count313
\tabu@cnt=\count314
\tabu@Xcol=\count315
\tabu@alloc=\count316
\tabu@nested=\count317
\tabu@target=\dimen182
\tabu@spreadtarget=\dimen183
\tabu@naturalX=\dimen184
\tabucolX=\dimen185
\tabu@Xsum=\dimen186
\extrarowdepth=\dimen187
\abovetabulinesep=\dimen188
\belowtabulinesep=\dimen189
\tabustrutrule=\dimen190
\tabu@thebody=\toks24
\tabu@footnotes=\toks25
\tabu@box=\box60
\tabu@arstrutbox=\box61
\tabu@hleads=\box62
\tabu@vleads=\box63
\tabu@cellskip=\skip64
) (/Users/martin/Library/TinyTeX/texmf-dist/tex/latex/amscls/amsthm.sty
Package: amsthm 2020/05/29 v2.20.6
\thm@style=\toks26
\thm@bodyfont=\toks27
\thm@headfont=\toks28
\thm@notefont=\toks29
\thm@headpunct=\toks30
\thm@preskip=\skip65
\thm@postskip=\skip66
\thm@headsep=\skip67
\dth@everypar=\toks31
)
\c@theorem=\count318
\c@lemma=\count319
\c@corollary=\count320
\c@proposition=\count321
\c@conjecture=\count322
\c@definition=\count323
\c@example=\count324
\c@exercise=\count325
(./preface.aux)
\openout1 = `preface.aux'.

LaTeX Font Info:    Checking defaults for OML/cmm/m/it on input line 136.
LaTeX Font Info:    ... okay on input line 136.
LaTeX Font Info:    Checking defaults for OMS/cmsy/m/n on input line 136.
LaTeX Font Info:    ... okay on input line 136.
LaTeX Font Info:    Checking defaults for OT1/cmr/m/n on input line 136.
LaTeX Font Info:    ... okay on input line 136.
LaTeX Font Info:    Checking defaults for T1/cmr/m/n on input line 136.
LaTeX Font Info:    ... okay on input line 136.
LaTeX Font Info:    Checking defaults for TS1/cmr/m/n on input line 136.
LaTeX Font Info:    ... okay on input line 136.
LaTeX Font Info:    Checking defaults for TU/lmr/m/n on input line 136.
LaTeX Font Info:    ... okay on input line 136.
LaTeX Font Info:    Checking defaults for OMX/cmex/m/n on input line 136.
LaTeX Font Info:    ... okay on input line 136.
LaTeX Font Info:    Checking defaults for U/cmr/m/n on input line 136.
LaTeX Font Info:    ... okay on input line 136.
LaTeX Font Info:    Checking defaults for PD1/pdf/m/n on input line 136.
LaTeX Font Info:    ... okay on input line 136.
LaTeX Font Info:    Checking defaults for PU/pdf/m/n on input line 136.
LaTeX Font Info:    ... okay on input line 136.
LaTeX Font Info:    Overwriting math alphabet `\mathrm' in version `normal'
(Font)                  OT1/lmr/m/n --> TU/lmr/m/n on input line 136.
LaTeX Font Info:    Overwriting math alphabet `\mathit' in version `normal'
(Font)                  OT1/lmr/m/it --> TU/lmr/m/it on input line 136.
LaTeX Font Info:    Overwriting math alphabet `\mathbf' in version `normal'
(Font)                  OT1/lmr/bx/n --> TU/lmr/bx/n on input line 136.
LaTeX Font Info:    Overwriting math alphabet `\mathsf' in version `normal'
(Font)                  OT1/lmss/m/n --> TU/lmss/m/n on input line 136.
LaTeX Font Info:    Overwriting math alphabet `\mathsf' in version `bold'
(Font)                  OT1/lmss/bx/n --> TU/lmss/bx/n on input line 136.
LaTeX Font Info:    Overwriting math alphabet `\mathtt' in version `normal'
(Font)                  OT1/lmtt/m/n --> TU/lmtt/m/n on input line 136.
LaTeX Font Info:    Overwriting math alphabet `\mathtt' in version `bold'
(Font)                  OT1/lmtt/m/n --> TU/lmtt/bx/n on input line 136.

Package fontspec Info: latinmodern-math scale = 0.9999964596882403.


Package fontspec Info: latinmodern-math scale = 0.9999964596882403.


Package fontspec Info: latinmodern-math scale = 0.9999964596882403.


Package fontspec Info: Font family 'latinmodern-math.otf(0)' created for font
(fontspec)             'latinmodern-math.otf' with options
(fontspec)             [Scale=MatchLowercase,BoldItalicFont={},ItalicFont={},Sm
allCapsFont={},Script=Math,BoldFont={latinmodern-math.otf}].
(fontspec)              
(fontspec)              This font family consists of the following NFSS
(fontspec)             series/shapes:
(fontspec)              
(fontspec)             - 'normal' (m/n) with NFSS spec.:
(fontspec)             <->s*[0.9999964596882403]"[latinmodern-math.otf]/OT:scri
pt=math;language=dflt;"
(fontspec)             - 'small caps'  (m/sc) with NFSS spec.: 
(fontspec)             - 'bold' (b/n) with NFSS spec.:
(fontspec)             <->s*[0.9999964596882403]"[latinmodern-math.otf]/OT:scri
pt=math;language=dflt;"
(fontspec)             - 'bold small caps'  (b/sc) with NFSS spec.: 

LaTeX Font Info:    Font shape `TU/latinmodern-math.otf(0)/m/n' will be
(Font)              scaled to size 10.0pt on input line 136.

Package fontspec Info: latinmodern-math scale = 0.9999964596882403.


Package fontspec Info: latinmodern-math scale = 0.9999964596882403.


Package fontspec Info: latinmodern-math scale = 0.9999964596882403.


Package fontspec Info: latinmodern-math scale = 0.9999964596882403.


Package fontspec Info: latinmodern-math scale = 0.9999964596882403.


Package fontspec Info: Font family 'latinmodern-math.otf(1)' created for font
(fontspec)             'latinmodern-math.otf' with options
(fontspec)             [Scale=MatchLowercase,BoldItalicFont={},ItalicFont={},Sm
allCapsFont={},Script=Math,SizeFeatures={{Size=8.5-},{Size=6-8.5,Font=latinmode
rn-math.otf,Style=MathScript},{Size=-6,Font=latinmodern-math.otf,Style=MathScri
ptScript}},BoldFont={latinmodern-math.otf}].
(fontspec)              
(fontspec)              This font family consists of the following NFSS
(fontspec)             series/shapes:
(fontspec)              
(fontspec)             - 'normal' (m/n) with NFSS spec.:
(fontspec)             <8.5->s*[0.9999964596882403]"[latinmodern-math.otf]/OT:s
cript=math;language=dflt;"<6-8.5>s*[0.9999964596882403]"[latinmodern-math.otf]/
OT:script=math;language=dflt;+ssty=0;"<-6>s*[0.9999964596882403]"[latinmodern-m
ath.otf]/OT:script=math;language=dflt;+ssty=1;"
(fontspec)             - 'small caps'  (m/sc) with NFSS spec.: 
(fontspec)             - 'bold' (b/n) with NFSS spec.:
(fontspec)             <->s*[0.9999964596882403]"[latinmodern-math.otf]/OT:scri
pt=math;language=dflt;"
(fontspec)             - 'bold small caps'  (b/sc) with NFSS spec.: 

LaTeX Font Info:    Font shape `TU/latinmodern-math.otf(1)/m/n' will be
(Font)              scaled to size 10.0pt on input line 136.
LaTeX Font Info:    Encoding `OT1' has changed to `TU' for symbol font
(Font)              `operators' in the math version `normal' on input line 136.

LaTeX Font Info:    Overwriting symbol font `operators' in version `normal'
(Font)                  OT1/lmr/m/n --> TU/latinmodern-math.otf(1)/m/n on input
 line 136.
LaTeX Font Info:    Encoding `OT1' has changed to `TU' for symbol font
(Font)              `operators' in the math version `bold' on input line 136.
LaTeX Font Info:    Overwriting symbol font `operators' in version `bold'
(Font)                  OT1/lmr/bx/n --> TU/latinmodern-math.otf(1)/b/n on inpu
t line 136.

Package fontspec Info: latinmodern-math scale = 0.9999964596882403.


Package fontspec Info: latinmodern-math scale = 1.000096459334209.


Package fontspec Info: latinmodern-math scale = 0.9999964596882403.


Package fontspec Info: latinmodern-math scale = 1.000096459334209.


Package fontspec Info: latinmodern-math scale = 0.9999964596882403.


Package fontspec Info: latinmodern-math scale = 1.000096459334209.


Package fontspec Info: latinmodern-math scale = 0.9999964596882403.


Package fontspec Info: latinmodern-math scale = 1.000096459334209.


Package fontspec Info: latinmodern-math scale = 0.9999964596882403.


Package fontspec Info: latinmodern-math scale = 1.000096459334209.


Package fontspec Info: Font family 'latinmodern-math.otf(2)' created for font
(fontspec)             'latinmodern-math.otf' with options
(fontspec)             [Scale=MatchLowercase,BoldItalicFont={},ItalicFont={},Sm
allCapsFont={},Script=Math,SizeFeatures={{Size=8.5-},{Size=6-8.5,Font=latinmode
rn-math.otf,Style=MathScript},{Size=-6,Font=latinmodern-math.otf,Style=MathScri
ptScript}},BoldFont={latinmodern-math.otf},ScaleAgain=1.0001,FontAdjustment={\f
ontdimen
(fontspec)             8\font =6.77pt\relax \fontdimen 9\font =3.94pt\relax
(fontspec)             \fontdimen 10\font =4.44pt\relax \fontdimen 11\font
(fontspec)             =6.86pt\relax \fontdimen 12\font =3.45pt\relax
(fontspec)             \fontdimen 13\font =3.63pt\relax \fontdimen 14\font
(fontspec)             =3.63pt\relax \fontdimen 15\font =2.89pt\relax
(fontspec)             \fontdimen 16\font =2.47pt\relax \fontdimen 17\font
(fontspec)             =2.47pt\relax \fontdimen 18\font =2.5pt\relax
(fontspec)             \fontdimen 19\font =2.0pt\relax \fontdimen 22\font
(fontspec)             =2.5pt\relax \fontdimen 20\font =0pt\relax \fontdimen
(fontspec)             21\font =0pt\relax }].
(fontspec)              
(fontspec)              This font family consists of the following NFSS
(fontspec)             series/shapes:
(fontspec)              
(fontspec)             - 'normal' (m/n) with NFSS spec.:
(fontspec)             <8.5->s*[1.000096459334209]"[latinmodern-math.otf]/OT:sc
ript=math;language=dflt;"<6-8.5>s*[1.000096459334209]"[latinmodern-math.otf]/OT
:script=math;language=dflt;+ssty=0;"<-6>s*[1.000096459334209]"[latinmodern-math
.otf]/OT:script=math;language=dflt;+ssty=1;"
(fontspec)             - 'small caps'  (m/sc) with NFSS spec.: 
(fontspec)             and font adjustment code:
(fontspec)             \fontdimen 8\font =6.77pt\relax \fontdimen 9\font
(fontspec)             =3.94pt\relax \fontdimen 10\font =4.44pt\relax
(fontspec)             \fontdimen 11\font =6.86pt\relax \fontdimen 12\font
(fontspec)             =3.45pt\relax \fontdimen 13\font =3.63pt\relax
(fontspec)             \fontdimen 14\font =3.63pt\relax \fontdimen 15\font
(fontspec)             =2.89pt\relax \fontdimen 16\font =2.47pt\relax
(fontspec)             \fontdimen 17\font =2.47pt\relax \fontdimen 18\font
(fontspec)             =2.5pt\relax \fontdimen 19\font =2.0pt\relax \fontdimen
(fontspec)             22\font =2.5pt\relax \fontdimen 20\font =0pt\relax
(fontspec)             \fontdimen 21\font =0pt\relax 
(fontspec)             - 'bold' (b/n) with NFSS spec.:
(fontspec)             <->s*[1.000096459334209]"[latinmodern-math.otf]/OT:scrip
t=math;language=dflt;"
(fontspec)             - 'bold small caps'  (b/sc) with NFSS spec.: 
(fontspec)             and font adjustment code:
(fontspec)             \fontdimen 8\font =6.77pt\relax \fontdimen 9\font
(fontspec)             =3.94pt\relax \fontdimen 10\font =4.44pt\relax
(fontspec)             \fontdimen 11\font =6.86pt\relax \fontdimen 12\font
(fontspec)             =3.45pt\relax \fontdimen 13\font =3.63pt\relax
(fontspec)             \fontdimen 14\font =3.63pt\relax \fontdimen 15\font
(fontspec)             =2.89pt\relax \fontdimen 16\font =2.47pt\relax
(fontspec)             \fontdimen 17\font =2.47pt\relax \fontdimen 18\font
(fontspec)             =2.5pt\relax \fontdimen 19\font =2.0pt\relax \fontdimen
(fontspec)             22\font =2.5pt\relax \fontdimen 20\font =0pt\relax
(fontspec)             \fontdimen 21\font =0pt\relax 

LaTeX Font Info:    Encoding `OMS' has changed to `TU' for symbol font
(Font)              `symbols' in the math version `normal' on input line 136.
LaTeX Font Info:    Overwriting symbol font `symbols' in version `normal'
(Font)                  OMS/lmsy/m/n --> TU/latinmodern-math.otf(2)/m/n on inpu
t line 136.
LaTeX Font Info:    Encoding `OMS' has changed to `TU' for symbol font
(Font)              `symbols' in the math version `bold' on input line 136.
LaTeX Font Info:    Overwriting symbol font `symbols' in version `bold'
(Font)                  OMS/lmsy/b/n --> TU/latinmodern-math.otf(2)/b/n on inpu
t line 136.

Package fontspec Info: latinmodern-math scale = 0.9999964596882403.


Package fontspec Info: latinmodern-math scale = 0.9998964600422715.


Package fontspec Info: latinmodern-math scale = 0.9999964596882403.


Package fontspec Info: latinmodern-math scale = 0.9998964600422715.


Package fontspec Info: latinmodern-math scale = 0.9999964596882403.


Package fontspec Info: latinmodern-math scale = 0.9998964600422715.


Package fontspec Info: latinmodern-math scale = 0.9999964596882403.


Package fontspec Info: latinmodern-math scale = 0.9998964600422715.


Package fontspec Info: latinmodern-math scale = 0.9999964596882403.


Package fontspec Info: latinmodern-math scale = 0.9998964600422715.


Package fontspec Info: Font family 'latinmodern-math.otf(3)' created for font
(fontspec)             'latinmodern-math.otf' with options
(fontspec)             [Scale=MatchLowercase,BoldItalicFont={},ItalicFont={},Sm
allCapsFont={},Script=Math,SizeFeatures={{Size=8.5-},{Size=6-8.5,Font=latinmode
rn-math.otf,Style=MathScript},{Size=-6,Font=latinmodern-math.otf,Style=MathScri
ptScript}},BoldFont={latinmodern-math.otf},ScaleAgain=0.9999,FontAdjustment={\f
ontdimen
(fontspec)             8\font =0.4pt\relax \fontdimen 9\font =2.0pt\relax
(fontspec)             \fontdimen 10\font =1.67pt\relax \fontdimen 11\font
(fontspec)             =1.11pt\relax \fontdimen 12\font =6.0pt\relax
(fontspec)             \fontdimen 13\font =0pt\relax }].
(fontspec)              
(fontspec)              This font family consists of the following NFSS
(fontspec)             series/shapes:
(fontspec)              
(fontspec)             - 'normal' (m/n) with NFSS spec.:
(fontspec)             <8.5->s*[0.9998964600422715]"[latinmodern-math.otf]/OT:s
cript=math;language=dflt;"<6-8.5>s*[0.9998964600422715]"[latinmodern-math.otf]/
OT:script=math;language=dflt;+ssty=0;"<-6>s*[0.9998964600422715]"[latinmodern-m
ath.otf]/OT:script=math;language=dflt;+ssty=1;"
(fontspec)             - 'small caps'  (m/sc) with NFSS spec.: 
(fontspec)             and font adjustment code:
(fontspec)             \fontdimen 8\font =0.4pt\relax \fontdimen 9\font
(fontspec)             =2.0pt\relax \fontdimen 10\font =1.67pt\relax
(fontspec)             \fontdimen 11\font =1.11pt\relax \fontdimen 12\font
(fontspec)             =6.0pt\relax \fontdimen 13\font =0pt\relax 
(fontspec)             - 'bold' (b/n) with NFSS spec.:
(fontspec)             <->s*[0.9998964600422715]"[latinmodern-math.otf]/OT:scri
pt=math;language=dflt;"
(fontspec)             - 'bold small caps'  (b/sc) with NFSS spec.: 
(fontspec)             and font adjustment code:
(fontspec)             \fontdimen 8\font =0.4pt\relax \fontdimen 9\font
(fontspec)             =2.0pt\relax \fontdimen 10\font =1.67pt\relax
(fontspec)             \fontdimen 11\font =1.11pt\relax \fontdimen 12\font
(fontspec)             =6.0pt\relax \fontdimen 13\font =0pt\relax 

LaTeX Font Info:    Encoding `OMX' has changed to `TU' for symbol font
(Font)              `largesymbols' in the math version `normal' on input line 1
36.
LaTeX Font Info:    Overwriting symbol font `largesymbols' in version `normal'
(Font)                  OMX/lmex/m/n --> TU/latinmodern-math.otf(3)/m/n on inpu
t line 136.
LaTeX Font Info:    Encoding `OMX' has changed to `TU' for symbol font
(Font)              `largesymbols' in the math version `bold' on input line 136
.
LaTeX Font Info:    Overwriting symbol font `largesymbols' in version `bold'
(Font)                  OMX/lmex/m/n --> TU/latinmodern-math.otf(3)/b/n on inpu
t line 136.
Package hyperref Info: Link coloring OFF on input line 136.
(/Users/martin/Library/TinyTeX/texmf-dist/tex/latex/hyperref/nameref.sty
Package: nameref 2021-04-02 v2.47 Cross-referencing by name of section
(/Users/martin/Library/TinyTeX/texmf-dist/tex/latex/refcount/refcount.sty
Package: refcount 2019/12/15 v3.6 Data extraction from label references (HO)
)
(/Users/martin/Library/TinyTeX/texmf-dist/tex/generic/gettitlestring/gettitlest
ring.sty
Package: gettitlestring 2019/12/15 v1.6 Cleanup title references (HO)
)
\c@section@level=\count326
)
LaTeX Info: Redefining \ref on input line 136.
LaTeX Info: Redefining \pageref on input line 136.
LaTeX Info: Redefining \nameref on input line 136.
(./preface.out) (./preface.out)
\@outlinefile=\write4
\openout4 = `preface.out'.

LaTeX Font Info:    Font shape `TU/latinmodern-math.otf(1)/m/n' will be
(Font)              scaled to size 12.0pt on input line 138.
LaTeX Font Info:    Font shape `TU/latinmodern-math.otf(1)/m/n' will be
(Font)              scaled to size 8.0pt on input line 138.
LaTeX Font Info:    Font shape `TU/latinmodern-math.otf(1)/m/n' will be
(Font)              scaled to size 6.0pt on input line 138.
LaTeX Font Info:    Trying to load font information for OML+lmm on input line 1
38.
(/Users/martin/Library/TinyTeX/texmf-dist/tex/latex/lm/omllmm.fd
File: omllmm.fd 2015/05/01 v1.6.1 Font defs for Latin Modern
)
LaTeX Font Info:    Font shape `TU/latinmodern-math.otf(2)/m/n' will be
(Font)              scaled to size 12.0011pt on input line 138.
LaTeX Font Info:    Font shape `TU/latinmodern-math.otf(2)/m/n' will be
(Font)              scaled to size 8.00073pt on input line 138.
LaTeX Font Info:    Font shape `TU/latinmodern-math.otf(2)/m/n' will be
(Font)              scaled to size 6.00055pt on input line 138.
LaTeX Font Info:    Font shape `TU/latinmodern-math.otf(3)/m/n' will be
(Font)              scaled to size 11.99872pt on input line 138.
LaTeX Font Info:    Font shape `TU/latinmodern-math.otf(3)/m/n' will be
(Font)              scaled to size 7.99915pt on input line 138.
LaTeX Font Info:    Font shape `TU/latinmodern-math.otf(3)/m/n' will be
(Font)              scaled to size 5.99936pt on input line 138.
LaTeX Font Info:    Trying to load font information for U+msa on input line 138
.
(/Users/martin/Library/TinyTeX/texmf-dist/tex/latex/amsfonts/umsa.fd
File: umsa.fd 2013/01/14 v3.01 AMS symbols A
)
LaTeX Font Info:    Trying to load font information for U+msb on input line 138
.
(/Users/martin/Library/TinyTeX/texmf-dist/tex/latex/amsfonts/umsb.fd
File: umsb.fd 2013/01/14 v3.01 AMS symbols B
) [1


] [2

] (./preface.toc
LaTeX Font Info:    Font shape `TU/latinmodern-math.otf(1)/m/n' will be
(Font)              scaled to size 7.0pt on input line 3.
LaTeX Font Info:    Font shape `TU/latinmodern-math.otf(1)/m/n' will be
(Font)              scaled to size 5.0pt on input line 3.
LaTeX Font Info:    Font shape `TU/latinmodern-math.otf(2)/m/n' will be
(Font)              scaled to size 10.00092pt on input line 3.
LaTeX Font Info:    Font shape `TU/latinmodern-math.otf(2)/m/n' will be
(Font)              scaled to size 7.00064pt on input line 3.
LaTeX Font Info:    Font shape `TU/latinmodern-math.otf(2)/m/n' will be
(Font)              scaled to size 5.00046pt on input line 3.
LaTeX Font Info:    Font shape `TU/latinmodern-math.otf(3)/m/n' will be
(Font)              scaled to size 9.99893pt on input line 3.
LaTeX Font Info:    Font shape `TU/latinmodern-math.otf(3)/m/n' will be
(Font)              scaled to size 6.99925pt on input line 3.
LaTeX Font Info:    Font shape `TU/latinmodern-math.otf(3)/m/n' will be
(Font)              scaled to size 4.99947pt on input line 3.
[3]
Missing character: There is no α (U+03B1) in font [lmroman10-regular]:mapping=t
ex-text;!
Missing character: There is no β (U+03B2) in font [lmroman10-regular]:mapping=t
ex-text;!
[4])
\tf@toc=\write5
\openout5 = `preface.toc'.

[5] [6

]
Chapter 1.
[7] [8

]
Chapter 2.
File: ../images/02_session/overview_rstudio.png Graphic file (type bmp)
<../images/02_session/overview_rstudio.png>

Underfull \vbox (badness 10000) has occurred while \output is active []

[9] [10] [11] [12] [13] [14]
Missing character: There is no π (U+03C0) in font [lmroman10-regular]:mapping=t
ex-text;!
Missing character: There is no π (U+03C0) in font [lmroman10-regular]:mapping=t
ex-text;!
[15] [16]
Overfull \hbox (279.75pt too wide) in paragraph at lines 515--515
[]\TU/lmtt/m/n/10 ##            ATS       BEF       DEM        ESP       FIM   
    FRF        IEP       ITL       LUF       NLG       PTE[] 
 []


Overfull \hbox (279.75pt too wide) in paragraph at lines 515--515
[]\TU/lmtt/m/n/10 ## ATS  1.0000000  2.931615 0.1421357  12.091742 0.4320931 0.
4767025 0.05723451  140.7142  2.931615 0.1601499  14.56960[] 
 []


Overfull \hbox (279.75pt too wide) in paragraph at lines 515--515
[]\TU/lmtt/m/n/10 ## BEF  0.3411089  1.000000 0.0484838   4.124601 0.1473908 0.
1626075 0.01952320   47.9989  1.000000 0.0546285   4.96982[] 
 []


Overfull \hbox (279.75pt too wide) in paragraph at lines 515--515
[]\TU/lmtt/m/n/10 ## DEM  7.0355297 20.625463 1.0000000  85.071811 3.0400035 3.
3538549 0.40267508  989.9991 20.625463 1.1267390 102.50482[] 
 []


Overfull \hbox (279.75pt too wide) in paragraph at lines 515--515
[]\TU/lmtt/m/n/10 ## ESP  0.0827011  0.242448 0.0117548   1.000000 0.0357346 0.
0394238 0.00473335   11.6372  0.242448 0.0132446   1.20492[] 
 []


Overfull \hbox (279.75pt too wide) in paragraph at lines 515--515
[]\TU/lmtt/m/n/10 ## FIM  2.3143163  6.784684 0.3289470  27.984116 1.0000000 1.
1032405 0.13245876  325.6572  6.784684 0.3706374  33.71865[] 
 []


Overfull \hbox (279.75pt too wide) in paragraph at lines 515--515
[]\TU/lmtt/m/n/10 ## FRF  2.0977442  6.149778 0.2981644  25.365382 0.9064207 1.
0000000 0.12006336  295.1825  6.149778 0.3359534  30.56328[] 
 []


Overfull \hbox (279.75pt too wide) in paragraph at lines 515--515
[]\TU/lmtt/m/n/10 ## IEP 17.4719769 51.221107 2.4833918 211.266640 7.5495198 8.
3289358 1.00000000 2458.5557 51.221107 2.7981345 254.55963[] 
 []


Overfull \hbox (279.75pt too wide) in paragraph at lines 515--515
[]\TU/lmtt/m/n/10 ## ITL  0.0071066  0.020834 0.0010101   0.085931 0.0030707 0.
0033877 0.00040674    1.0000  0.020834 0.0011381   0.10354[] 
 []


Overfull \hbox (279.75pt too wide) in paragraph at lines 515--515
[]\TU/lmtt/m/n/10 ## LUF  0.3411089  1.000000 0.0484838   4.124601 0.1473908 0.
1626075 0.01952320   47.9989  1.000000 0.0546285   4.96982[] 
 []


Overfull \hbox (279.75pt too wide) in paragraph at lines 515--515
[]\TU/lmtt/m/n/10 ## NLG  6.2441519 18.305449 0.8875170  75.502675 2.6980546 2.
9766031 0.35738096  878.6410 18.305449 1.0000000  90.97477[] 
 []


Overfull \hbox (279.75pt too wide) in paragraph at lines 515--515
[]\TU/lmtt/m/n/10 ## PTE  0.0686361  0.201215 0.0097556   0.829930 0.0296572 0.
0327190 0.00392835    9.6581  0.201215 0.0109921   1.00000[] 
 []

[17]
Overfull \hbox (43.5pt too wide) in paragraph at lines 568--568
[]\TU/lmtt/m/n/10 ##                      mpg cyl  disp  hp drat    wt  qsec vs
 am gear carb[] 
 []


Overfull \hbox (43.5pt too wide) in paragraph at lines 568--568
[]\TU/lmtt/m/n/10 ## Mazda RX4           21.0   6 160.0 110 3.90 2.620 16.46  0
  1    4    4[] 
 []


Overfull \hbox (43.5pt too wide) in paragraph at lines 568--568
[]\TU/lmtt/m/n/10 ## Mazda RX4 Wag       21.0   6 160.0 110 3.90 2.875 17.02  0
  1    4    4[] 
 []


Overfull \hbox (43.5pt too wide) in paragraph at lines 568--568
[]\TU/lmtt/m/n/10 ## Datsun 710          22.8   4 108.0  93 3.85 2.320 18.61  1
  1    4    1[] 
 []


Overfull \hbox (43.5pt too wide) in paragraph at lines 568--568
[]\TU/lmtt/m/n/10 ## Hornet 4 Drive      21.4   6 258.0 110 3.08 3.215 19.44  1
  0    3    1[] 
 []


Overfull \hbox (43.5pt too wide) in paragraph at lines 568--568
[]\TU/lmtt/m/n/10 ## Hornet Sportabout   18.7   8 360.0 175 3.15 3.440 17.02  0
  0    3    2[] 
 []


Overfull \hbox (43.5pt too wide) in paragraph at lines 568--568
[]\TU/lmtt/m/n/10 ## Valiant             18.1   6 225.0 105 2.76 3.460 20.22  1
  0    3    1[] 
 []


Overfull \hbox (43.5pt too wide) in paragraph at lines 568--568
[]\TU/lmtt/m/n/10 ## Duster 360          14.3   8 360.0 245 3.21 3.570 15.84  0
  0    3    4[] 
 []


Overfull \hbox (43.5pt too wide) in paragraph at lines 568--568
[]\TU/lmtt/m/n/10 ## Merc 240D           24.4   4 146.7  62 3.69 3.190 20.00  1
  0    4    2[] 
 []


Overfull \hbox (43.5pt too wide) in paragraph at lines 568--568
[]\TU/lmtt/m/n/10 ## Merc 230            22.8   4 140.8  95 3.92 3.150 22.90  1
  0    4    2[] 
 []


Overfull \hbox (43.5pt too wide) in paragraph at lines 568--568
[]\TU/lmtt/m/n/10 ## Merc 280            19.2   6 167.6 123 3.92 3.440 18.30  1
  0    4    4[] 
 []


Overfull \hbox (43.5pt too wide) in paragraph at lines 568--568
[]\TU/lmtt/m/n/10 ## Merc 280C           17.8   6 167.6 123 3.92 3.440 18.90  1
  0    4    4[] 
 []


Overfull \hbox (43.5pt too wide) in paragraph at lines 568--568
[]\TU/lmtt/m/n/10 ## Merc 450SE          16.4   8 275.8 180 3.07 4.070 17.40  0
  0    3    3[] 
 []


Overfull \hbox (43.5pt too wide) in paragraph at lines 568--568
[]\TU/lmtt/m/n/10 ## Merc 450SL          17.3   8 275.8 180 3.07 3.730 17.60  0
  0    3    3[] 
 []


Overfull \hbox (43.5pt too wide) in paragraph at lines 568--568
[]\TU/lmtt/m/n/10 ## Merc 450SLC         15.2   8 275.8 180 3.07 3.780 18.00  0
  0    3    3[] 
 []


Overfull \hbox (43.5pt too wide) in paragraph at lines 568--568
[]\TU/lmtt/m/n/10 ## Cadillac Fleetwood  10.4   8 472.0 205 2.93 5.250 17.98  0
  0    3    4[] 
 []


Overfull \hbox (43.5pt too wide) in paragraph at lines 568--568
[]\TU/lmtt/m/n/10 ## Lincoln Continental 10.4   8 460.0 215 3.00 5.424 17.82  0
  0    3    4[] 
 []


Overfull \hbox (43.5pt too wide) in paragraph at lines 568--568
[]\TU/lmtt/m/n/10 ## Chrysler Imperial   14.7   8 440.0 230 3.23 5.345 17.42  0
  0    3    4[] 
 []


Overfull \hbox (43.5pt too wide) in paragraph at lines 568--568
[]\TU/lmtt/m/n/10 ## Fiat 128            32.4   4  78.7  66 4.08 2.200 19.47  1
  1    4    1[] 
 []


Overfull \hbox (43.5pt too wide) in paragraph at lines 568--568
[]\TU/lmtt/m/n/10 ## Honda Civic         30.4   4  75.7  52 4.93 1.615 18.52  1
  1    4    2[] 
 []


Overfull \hbox (43.5pt too wide) in paragraph at lines 568--568
[]\TU/lmtt/m/n/10 ## Toyota Corolla      33.9   4  71.1  65 4.22 1.835 19.90  1
  1    4    1[] 
 []


Overfull \hbox (43.5pt too wide) in paragraph at lines 568--568
[]\TU/lmtt/m/n/10 ## Toyota Corona       21.5   4 120.1  97 3.70 2.465 20.01  1
  0    3    1[] 
 []


Overfull \hbox (43.5pt too wide) in paragraph at lines 568--568
[]\TU/lmtt/m/n/10 ## Dodge Challenger    15.5   8 318.0 150 2.76 3.520 16.87  0
  0    3    2[] 
 []


Overfull \hbox (43.5pt too wide) in paragraph at lines 568--568
[]\TU/lmtt/m/n/10 ## AMC Javelin         15.2   8 304.0 150 3.15 3.435 17.30  0
  0    3    2[] 
 []


Overfull \hbox (43.5pt too wide) in paragraph at lines 568--568
[]\TU/lmtt/m/n/10 ## Camaro Z28          13.3   8 350.0 245 3.73 3.840 15.41  0
  0    3    4[] 
 []


Overfull \hbox (43.5pt too wide) in paragraph at lines 568--568
[]\TU/lmtt/m/n/10 ## Pontiac Firebird    19.2   8 400.0 175 3.08 3.845 17.05  0
  0    3    2[] 
 []


Overfull \hbox (43.5pt too wide) in paragraph at lines 568--568
[]\TU/lmtt/m/n/10 ## Fiat X1-9           27.3   4  79.0  66 4.08 1.935 18.90  1
  1    4    1[] 
 []


Overfull \hbox (43.5pt too wide) in paragraph at lines 568--568
[]\TU/lmtt/m/n/10 ## Porsche 914-2       26.0   4 120.3  91 4.43 2.140 16.70  0
  1    5    2[] 
 []


Overfull \hbox (43.5pt too wide) in paragraph at lines 568--568
[]\TU/lmtt/m/n/10 ## Lotus Europa        30.4   4  95.1 113 3.77 1.513 16.90  1
  1    5    2[] 
 []


Overfull \hbox (43.5pt too wide) in paragraph at lines 568--568
[]\TU/lmtt/m/n/10 ## Ford Pantera L      15.8   8 351.0 264 4.22 3.170 14.50  0
  1    5    4[] 
 []


Overfull \hbox (43.5pt too wide) in paragraph at lines 568--568
[]\TU/lmtt/m/n/10 ## Ferrari Dino        19.7   6 145.0 175 3.62 2.770 15.50  0
  1    5    6[] 
 []


Overfull \hbox (43.5pt too wide) in paragraph at lines 568--568
[]\TU/lmtt/m/n/10 ## Maserati Bora       15.0   8 301.0 335 3.54 3.570 14.60  0
  1    5    8[] 
 []


Overfull \hbox (43.5pt too wide) in paragraph at lines 568--568
[]\TU/lmtt/m/n/10 ## Volvo 142E          21.4   4 121.0 109 4.11 2.780 18.60  1
  1    4    2[] 
 []

[18] [19]
Overfull \hbox (321.75pt too wide) in paragraph at lines 641--641
[]\TU/lmtt/m/n/10 ##  [1]  39  34  23  38  23  21  23  31  25  31  24  23  23  
39  21 181 170 185 163 175 163 162 172 172 180 187 158 184 156 168[] 
 []

[20] [21] [22]
Overfull \hbox (96.0pt too wide) in paragraph at lines 780--780
[]\TU/lmtt/m/n/10 ## [1] "Leubingen"  "Melz"       "Bruszczewo" "burial"     "d
epot"      "settlement"[] 
 []

[23]
Overfull \hbox (374.25pt too wide) in paragraph at lines 820--820
[]\TU/lmtt/m/n/10 ## Matthias  Jannick  Nicolas   Silvia     Till     Anna   Il
aria    Sarah    Clara    Alain   Adrian   Marlen  Michael   Helena  Nephele[] 

 []


Overfull \hbox (374.25pt too wide) in paragraph at lines 820--820
[]\TU/lmtt/m/n/10 ##      181      170      185      163      175      163     
 162      172      172      180      187      158      184      156      168[] 

 []

[24]
Overfull \hbox (374.25pt too wide) in paragraph at lines 886--886
[]\TU/lmtt/m/n/10 ##   Helena   Marlen   Ilaria   Silvia     Anna  Nephele  Jan
nick    Sarah    Clara     Till    Alain Matthias  Michael  Nicolas   Adrian[] 

 []


Overfull \hbox (374.25pt too wide) in paragraph at lines 886--886
[]\TU/lmtt/m/n/10 ##      156      158      162      163      163      168     
 170      172      172      175      180      181      184      185      187[] 

 []

[25]
Overfull \hbox (374.25pt too wide) in paragraph at lines 940--940
[]\TU/lmtt/m/n/10 ## Matthias  Jannick  Nicolas   Silvia     Till     Anna   Il
aria    Sarah    Clara    Alain   Adrian   Marlen  Michael   Helena  Nephele[] 

 []


Overfull \hbox (374.25pt too wide) in paragraph at lines 940--940
[]\TU/lmtt/m/n/10 ##     1.81     1.70     1.85     1.63     1.75     1.63     
1.62     1.72     1.72     1.80     1.87     1.58     1.84     1.56     1.68[] 

 []


Overfull \hbox (374.25pt too wide) in paragraph at lines 954--954
[]\TU/lmtt/m/n/10 ## Matthias  Jannick  Nicolas   Silvia     Till     Anna   Il
aria    Sarah    Clara    Alain   Adrian   Marlen  Michael   Helena  Nephele[] 

 []


Overfull \hbox (374.25pt too wide) in paragraph at lines 954--954
[]\TU/lmtt/m/n/10 ##     2.81     3.70     4.85     5.63     6.75     7.63     
8.62     9.72    10.72    11.80    12.87    13.58    14.84    15.56    16.68[] 

 []

[26] [27] [28]
Overfull \hbox (206.25pt too wide) in paragraph at lines 1116--1116
[]\TU/lmtt/m/n/10 ## [1] "Anton"    "Berta"    "Claudius" "Anton"    "Berta"   
 "Claudius" "Anton"    "Berta"    "Claudius"[] 
 []

[29]
Overfull \hbox (169.5pt too wide) in paragraph at lines 1168--1168
[]\TU/lmtt/m/n/10 ##  Silvia    Till    Anna  Ilaria   Sarah   Clara   Alain  A
drian  Marlen Michael  Helena Nephele[] 
 []


Overfull \hbox (169.5pt too wide) in paragraph at lines 1168--1168
[]\TU/lmtt/m/n/10 ##     163     175     163     162     172     172     180   
  187     158     184     156     168[] 
 []


Overfull \hbox (374.25pt too wide) in paragraph at lines 1194--1194
[]\TU/lmtt/m/n/10 ## Matthias  Jannick  Nicolas   Silvia     Till     Anna   Il
aria    Sarah    Clara    Alain   Adrian   Marlen  Michael   Helena  Nephele[] 

 []


Overfull \hbox (374.25pt too wide) in paragraph at lines 1194--1194
[]\TU/lmtt/m/n/10 ##      181      170      185      163      175      163     
 162      172      172      180      187      158      184      156      168[] 

 []

[30]
Overfull \hbox (374.25pt too wide) in paragraph at lines 1206--1206
[]\TU/lmtt/m/n/10 ## Matthias  Jannick  Nicolas   Silvia     Till     Anna   Il
aria    Sarah    Clara    Alain   Adrian   Marlen  Michael   Helena  Nephele[] 

 []


Overfull \hbox (374.25pt too wide) in paragraph at lines 1206--1206
[]\TU/lmtt/m/n/10 ##      168      170      185      163      175      163     
 162      172      172      180      187      158      184      156      168[] 

 []


Overfull \hbox (374.25pt too wide) in paragraph at lines 1220--1220
[]\TU/lmtt/m/n/10 ## Matthias  Jannick  Nicolas   Silvia     Till     Anna   Il
aria    Sarah    Clara    Alain   Adrian   Marlen  Michael   Helena  Nephele[] 

 []


Overfull \hbox (374.25pt too wide) in paragraph at lines 1220--1220
[]\TU/lmtt/m/n/10 ##      168      170      185      163      181      163     
 162      172      172      180      187      158      184      156      168[] 

 []


Overfull \hbox (374.25pt too wide) in paragraph at lines 1246--1246
[]\TU/lmtt/m/n/10 ## Matthias  Jannick  Nicolas   Silvia     Till     Anna   Il
aria    Sarah    Clara    Alain   Adrian   Marlen  Michael   Helena  Nephele[] 

 []


Overfull \hbox (374.25pt too wide) in paragraph at lines 1246--1246
[]\TU/lmtt/m/n/10 ##    FALSE    FALSE     TRUE    FALSE     TRUE    FALSE    F
ALSE    FALSE    FALSE     TRUE     TRUE    FALSE     TRUE    FALSE    FALSE[] 

 []

[31] [32] [33] [34] [35]
Overfull \hbox (374.25pt too wide) in paragraph at lines 1483--1483
[]\TU/lmtt/m/n/10 ## Matthias  Jannick  Nicolas   Silvia     Till     Anna   Il
aria    Sarah    Clara    Alain   Adrian   Marlen  Michael   Helena  Nephele[] 

 []


Overfull \hbox (374.25pt too wide) in paragraph at lines 1483--1483
[]\TU/lmtt/m/n/10 ##     0.39     0.34     0.23     0.38     0.23     0.21     
0.23     0.31     0.25     0.31     0.24     0.23     0.23     0.39     0.21[] 

 []

[36] [37]
Overfull \hbox (85.5pt too wide) in paragraph at lines 1582--1582
[]\TU/lmtt/m/n/10 ##  [1] 1.81 1.70 1.85 1.63 1.75 1.63 1.62 1.72 1.72 1.80 1.8
7 1.58 1.84 1.56 1.68[] 
 []

[38]
LaTeX Font Info:    Font shape `TU/lmtt/bx/n' in size <10> not available
(Font)              Font shape `TU/lmtt/b/n' tried instead on input line 1623.
[39] [40]
Chapter 3.
[41

]
Overfull \hbox (101.25pt too wide) in paragraph at lines 1722--1722
[]\TU/lmtt/m/n/10 ##    Grave Mno FL BH BFA FA CD BRA ED FEL  C   BW  BT FEW Co
ils Length fibula_scheme[] 
 []


Overfull \hbox (101.25pt too wide) in paragraph at lines 1722--1722
[]\TU/lmtt/m/n/10 ## 1    121 348 28 17   1 10 10   2  8   6 20  2.5 2.6 2.2   
  4     53             B[] 
 []


Overfull \hbox (101.25pt too wide) in paragraph at lines 1722--1722
[]\TU/lmtt/m/n/10 ## 2    130 545 29 15   3  8  6   3  6  10 17 11.7 3.9 6.4   
  6     47             B[] 
 []


Overfull \hbox (101.25pt too wide) in paragraph at lines 1722--1722
[]\TU/lmtt/m/n/10 ## 3    130 549 22 15   3  8  7   3 13   1 17  5.0 4.6 2.5   
 10     47             B[] 
 []


Overfull \hbox (101.25pt too wide) in paragraph at lines 1722--1722
[]\TU/lmtt/m/n/10 ## 8    157  85 23 13   3  8  6   2 10   7 15  5.2 2.7 5.4   
 12     41             B[] 
 []


Overfull \hbox (101.25pt too wide) in paragraph at lines 1722--1722
[]\TU/lmtt/m/n/10 ## 11   181 212 94 15   7 10 12   5 11  31 50  4.3 4.3  NA   
  6    128             C[] 
 []


Overfull \hbox (101.25pt too wide) in paragraph at lines 1722--1722
[]\TU/lmtt/m/n/10 ## 12   193 611 68 18   7  9  9   7  3  50 18  9.3 6.5  NA   
  4    110             C[] 
 []

[42] [43]
File: ../images/03_session/plot_elements.png Graphic file (type bmp)
<../images/03_session/plot_elements.png>

Underfull \vbox (badness 10000) has occurred while \output is active []

[44] [45]
LaTeX Font Info:    Font shape `TU/lmtt/bx/n' in size <14.4> not available
(Font)              Font shape `TU/lmtt/b/n' tried instead on input line 1791.
File: _main_files/figure-html/unnamed-chunk-77-1.png Graphic file (type bmp)
<_main_files/figure-html/unnamed-chunk-77-1.png>

Underfull \vbox (badness 10000) has occurred while \output is active []

[46]
File: _main_files/figure-html/unnamed-chunk-78-1.png Graphic file (type bmp)
<_main_files/figure-html/unnamed-chunk-78-1.png>

Underfull \vbox (badness 10000) has occurred while \output is active []

[47]
File: _main_files/figure-html/unnamed-chunk-79-1.png Graphic file (type bmp)
<_main_files/figure-html/unnamed-chunk-79-1.png>

Underfull \vbox (badness 10000) has occurred while \output is active []

[48] [49]
File: _main_files/figure-html/unnamed-chunk-80-1.png Graphic file (type bmp)
<_main_files/figure-html/unnamed-chunk-80-1.png>
[50]
File: _main_files/figure-html/unnamed-chunk-81-1.png Graphic file (type bmp)
<_main_files/figure-html/unnamed-chunk-81-1.png>
[51]
File: _main_files/figure-html/unnamed-chunk-83-1.png Graphic file (type bmp)
<_main_files/figure-html/unnamed-chunk-83-1.png>

Underfull \vbox (badness 10000) has occurred while \output is active []

[52]
File: ../images/02_session/export_gui_1.png Graphic file (type bmp)
<../images/02_session/export_gui_1.png>

Underfull \vbox (badness 10000) has occurred while \output is active []

[53]
File: ../images/02_session/export_gui_1.png Graphic file (type bmp)
<../images/02_session/export_gui_1.png>

Underfull \vbox (badness 10000) has occurred while \output is active []

[54] [55]
File: ../images/03_session/3dpie.png Graphic file (type bmp)
<../images/03_session/3dpie.png>

Underfull \vbox (badness 1496) has occurred while \output is active []

[56]
File: _main_files/figure-html/unnamed-chunk-86-1.png Graphic file (type bmp)
<_main_files/figure-html/unnamed-chunk-86-1.png>
[57]
File: _main_files/figure-html/unnamed-chunk-87-1.png Graphic file (type bmp)
<_main_files/figure-html/unnamed-chunk-87-1.png>

Underfull \vbox (badness 10000) has occurred while \output is active []

[58]
File: _main_files/figure-html/unnamed-chunk-88-1.png Graphic file (type bmp)
<_main_files/figure-html/unnamed-chunk-88-1.png>

Underfull \vbox (badness 7667) has occurred while \output is active []

[59]
File: _main_files/figure-html/unnamed-chunk-89-1.png Graphic file (type bmp)
<_main_files/figure-html/unnamed-chunk-89-1.png>

Underfull \vbox (badness 10000) has occurred while \output is active []

[60]
File: _main_files/figure-html/unnamed-chunk-90-1.png Graphic file (type bmp)
<_main_files/figure-html/unnamed-chunk-90-1.png>

Underfull \vbox (badness 10000) has occurred while \output is active []

[61]
File: _main_files/figure-html/unnamed-chunk-91-1.png Graphic file (type bmp)
<_main_files/figure-html/unnamed-chunk-91-1.png>

Underfull \vbox (badness 10000) has occurred while \output is active []

[62]
File: _main_files/figure-html/unnamed-chunk-93-1.png Graphic file (type bmp)
<_main_files/figure-html/unnamed-chunk-93-1.png>
[63]
File: _main_files/figure-html/unnamed-chunk-94-1.png Graphic file (type bmp)
<_main_files/figure-html/unnamed-chunk-94-1.png>

Underfull \vbox (badness 10000) has occurred while \output is active []

[64] [65]
File: _main_files/figure-html/unnamed-chunk-96-1.png Graphic file (type bmp)
<_main_files/figure-html/unnamed-chunk-96-1.png>
File: _main_files/figure-html/unnamed-chunk-97-1.png Graphic file (type bmp)
<_main_files/figure-html/unnamed-chunk-97-1.png>
[66]
File: _main_files/figure-html/unnamed-chunk-98-1.png Graphic file (type bmp)
<_main_files/figure-html/unnamed-chunk-98-1.png>

Underfull \vbox (badness 10000) has occurred while \output is active []

[67]
File: _main_files/figure-html/unnamed-chunk-99-1.png Graphic file (type bmp)
<_main_files/figure-html/unnamed-chunk-99-1.png>

Underfull \vbox (badness 10000) has occurred while \output is active []

[68] [69]
File: _main_files/figure-html/unnamed-chunk-100-1.png Graphic file (type bmp)
<_main_files/figure-html/unnamed-chunk-100-1.png>

Underfull \vbox (badness 10000) has occurred while \output is active []

[70]
File: _main_files/figure-html/unnamed-chunk-101-1.png Graphic file (type bmp)
<_main_files/figure-html/unnamed-chunk-101-1.png>

Underfull \vbox (badness 10000) has occurred while \output is active []

[71]
File: _main_files/figure-html/unnamed-chunk-102-1.png Graphic file (type bmp)
<_main_files/figure-html/unnamed-chunk-102-1.png>

Underfull \vbox (badness 10000) has occurred while \output is active []

[72]
File: _main_files/figure-html/unnamed-chunk-103-1.png Graphic file (type bmp)
<_main_files/figure-html/unnamed-chunk-103-1.png>

Underfull \vbox (badness 10000) has occurred while \output is active []

[73]
Underfull \vbox (badness 1033) has occurred while \output is active []

[74]
File: _main_files/figure-html/unnamed-chunk-105-1.png Graphic file (type bmp)
<_main_files/figure-html/unnamed-chunk-105-1.png>
[75]
File: _main_files/figure-html/unnamed-chunk-106-1.png Graphic file (type bmp)
<_main_files/figure-html/unnamed-chunk-106-1.png>
[76]
File: _main_files/figure-html/unnamed-chunk-107-1.png Graphic file (type bmp)
<_main_files/figure-html/unnamed-chunk-107-1.png>
File: _main_files/figure-html/unnamed-chunk-108-1.png Graphic file (type bmp)
<_main_files/figure-html/unnamed-chunk-108-1.png>

Underfull \vbox (badness 4072) has occurred while \output is active []

[77]
File: _main_files/figure-html/unnamed-chunk-109-1.png Graphic file (type bmp)
<_main_files/figure-html/unnamed-chunk-109-1.png>

Underfull \vbox (badness 10000) has occurred while \output is active []

[78]
File: _main_files/figure-html/unnamed-chunk-110-1.png Graphic file (type bmp)
<_main_files/figure-html/unnamed-chunk-110-1.png>

Underfull \vbox (badness 10000) has occurred while \output is active []

[79]
File: _main_files/figure-html/unnamed-chunk-111-1.png Graphic file (type bmp)
<_main_files/figure-html/unnamed-chunk-111-1.png>

Underfull \vbox (badness 10000) has occurred while \output is active []

[80] [81]
File: _main_files/figure-html/unnamed-chunk-113-1.png Graphic file (type bmp)
<_main_files/figure-html/unnamed-chunk-113-1.png>

Underfull \vbox (badness 10000) has occurred while \output is active []

[82] [83]
File: _main_files/figure-html/unnamed-chunk-114-1.png Graphic file (type bmp)
<_main_files/figure-html/unnamed-chunk-114-1.png>
[84]
File: _main_files/figure-html/unnamed-chunk-115-1.png Graphic file (type bmp)
<_main_files/figure-html/unnamed-chunk-115-1.png>
[85]
Overfull \hbox (153.3pt too wide) in alignment at lines 2476--2480
 [] [] [] 
 []


Overfull \hbox (153.3pt too wide) in alignment at lines 2480--2490
 [] [] [] 
 []

[86]
Chapter 4.
[87

]
File: ../images/04_session/distr_football_field.png Graphic file (type bmp)
<../images/04_session/distr_football_field.png>
[88]
Overfull \hbox (111.75pt too wide) in paragraph at lines 2567--2567
[]\TU/lmtt/m/n/10 ##    X Grave Mno FL BH BFA FA CD BRA ED FEL  C   BW  BT FEW 
Coils Length fibula_scheme[] 
 []


Overfull \hbox (111.75pt too wide) in paragraph at lines 2567--2567
[]\TU/lmtt/m/n/10 ## 1  1   121 348 28 17   1 10 10   2  8   6 20  2.5 2.6 2.2 
    4     53             B[] 
 []


Overfull \hbox (111.75pt too wide) in paragraph at lines 2567--2567
[]\TU/lmtt/m/n/10 ## 2  2   130 545 29 15   3  8  6   3  6  10 17 11.7 3.9 6.4 
    6     47             B[] 
 []


Overfull \hbox (111.75pt too wide) in paragraph at lines 2567--2567
[]\TU/lmtt/m/n/10 ## 3  3   130 549 22 15   3  8  7   3 13   1 17  5.0 4.6 2.5 
   10     47             B[] 
 []


Overfull \hbox (111.75pt too wide) in paragraph at lines 2567--2567
[]\TU/lmtt/m/n/10 ## 4  8   157  85 23 13   3  8  6   2 10   7 15  5.2 2.7 5.4 
   12     41             B[] 
 []

[89]
Overfull \hbox (111.75pt too wide) in paragraph at lines 2567--2567
[]\TU/lmtt/m/n/10 ## 5 11   181 212 94 15   7 10 12   5 11  31 50  4.3 4.3  NA 
    6    128             C[] 
 []


Overfull \hbox (111.75pt too wide) in paragraph at lines 2567--2567
[]\TU/lmtt/m/n/10 ## 6 12   193 611 68 18   7  9  9   7  3  50 18  9.3 6.5  NA 
    4    110             C[] 
 []

[90] [91] [92] [93]
File: ../images/04_session/dist_comp_1.png Graphic file (type bmp)
<../images/04_session/dist_comp_1.png>
[94]
Overfull \hbox (269.25pt too wide) in paragraph at lines 2777--2777
[]\TU/lmtt/m/n/10 ##  [1] 12.0 19.5 18.6 12.9 13.2  9.9 19.5  8.4 21.0 18.9  7.
5 18.9  8.1  9.0  7.8  9.9 10.2  8.1 12.0  9.0 26.1 20.4[] 
 []

File: ../images/04_session/dist_comp_2.png Graphic file (type bmp)
<../images/04_session/dist_comp_2.png>
[95] [96] [97] [98] [99] [100]
File: ../images/04_session/dist_skewed_left.png Graphic file (type bmp)
<../images/04_session/dist_skewed_left.png>
[101]
Overfull \hbox (12.0pt too wide) in paragraph at lines 3038--3038
[]\TU/lmtt/m/n/10 ##    0%   10%   20%   30%   40%   50%   60%   70%   80%   90
%  100%[] 
 []


Overfull \hbox (12.0pt too wide) in paragraph at lines 3038--3038
[]\TU/lmtt/m/n/10 ##  7.50  8.10  8.52  9.27 10.02 12.00 13.08 18.81 19.38 20.3
1 26.10[] 
 []

[102] [103]
File: ../images/04_session/dist_shapes.png Graphic file (type bmp)
<../images/04_session/dist_shapes.png>

LaTeX Warning: Float too large for page by 24.4882pt on input line 3156.

File: ../images/04_session/dist_comp_1.png Graphic file (type bmp)
<../images/04_session/dist_comp_1.png>

Underfull \vbox (badness 10000) has occurred while \output is active []

[104] [105] [106]
File: ../images/04_session/dist_curtosis.png Graphic file (type bmp)
<../images/04_session/dist_curtosis.png>
[107] [108] [109] [110

]
Chapter 5.
[111] [112] [113] [114] [115]
File: ../images/05_session/cm_fig2d.png Graphic file (type bmp)
<../images/05_session/cm_fig2d.png>
File: ../images/05_session/cm_fig2c.png Graphic file (type bmp)
<../images/05_session/cm_fig2c.png>

Overfull \hbox (118.12422pt too wide) in paragraph at lines 3401--3404
\TU/lmr/m/n/10 (onetailed, two-tailed). .center[ []
 []


Underfull \vbox (badness 10000) has occurred while \output is active []

[116] [117]
Missing character: There is no α (U+03B1) in font [lmroman12-bold]:mapping=tex-
text;!
Missing character: There is no β (U+03B2) in font [lmroman12-bold]:mapping=tex-
text;!
[118] [119]
LaTeX Font Info:    Font shape `TU/latinmodern-math.otf(1)/m/n' will be
(Font)              scaled to size 14.4pt on input line 3470.
LaTeX Font Info:    Font shape `TU/latinmodern-math.otf(2)/m/n' will be
(Font)              scaled to size 14.4013pt on input line 3470.
LaTeX Font Info:    Font shape `TU/latinmodern-math.otf(3)/m/n' will be
(Font)              scaled to size 14.39845pt on input line 3470.
[120] [121]
Underfull \vbox (badness 10000) has occurred while \output is active []

[122] [123] [124] [125]
Overfull \hbox (5.69687pt too wide) in alignment at lines 3707--3711
 [] [] [] [] [] [] 
 []


Overfull \hbox (5.69687pt too wide) in alignment at lines 3711--3717
 [] [] [] [] [] [] 
 []

[126]
Overfull \hbox (5.69687pt too wide) in alignment at lines 3752--3756
 [] [] [] [] [] [] 
 []


Overfull \hbox (5.69687pt too wide) in alignment at lines 3756--3762
 [] [] [] [] [] [] 
 []

[127] [128] [129]
Underfull \vbox (badness 10000) has occurred while \output is active []

[130] [131] [132] [133] [134] [135]
Overfull \hbox (7.22427pt too wide) in paragraph at lines 4135--4135
 []\TU/lmr/m/n/10 rich_ratio|
 []


Overfull \hbox (22.79428pt too wide) in paragraph at lines 4135--4135
 []\TU/lmr/m/n/10 rich_cumsum|
 []


Overfull \hbox (10.84428pt too wide) in paragraph at lines 4135--4135
 []\TU/lmr/m/n/10 poor_ratio|
 []


Overfull \hbox (26.41428pt too wide) in paragraph at lines 4135--4135
 []\TU/lmr/m/n/10 poor_cumsum|
 []


Overfull \hbox (1.39429pt too wide) in paragraph at lines 4135--4135
[]\TU/lmr/m/n/10 juvenilus|  
 []

[136]
Overfull \hbox (505.5pt too wide) in paragraph at lines 4142--4142
[]\TU/lmtt/m/n/10 ## Warning in latex_new_row_builder(target_row, table_info, b
old, italic, monospace, : Setting full_width = TRUE will turn the table into a 
tabu environment where[] 
 []


Overfull \hbox (169.5pt too wide) in paragraph at lines 4142--4142
[]\TU/lmtt/m/n/10 ## colors are not really easily configable with this package.
 Please consider turn off full_width.[] 
 []

[137] [138] [139]
Overfull \hbox (285.0pt too wide) in paragraph at lines 4289--4289
[]\TU/lmtt/m/n/10 ## Warning in ks.test(age[wealth == "arm"], age[wealth == "re
ich"]): p-value will be approximate in the presence of ties[] 
 []

[140]
Overfull \hbox (180.0pt too wide) in paragraph at lines 4345--4345
[]\TU/lmtt/m/n/10 ## Warning in ks.test(cups.with_breaks, cups.without_breaks):
 cannot compute exact p-value with ties[] 
 []

[141]
Missing character: There is no ≠ (U+2260) in font [lmroman10-bold]:mapping=tex-
text;!
File: ../images/06_session/hidden_third.png Graphic file (type bmp)
<../images/06_session/hidden_third.png>
[142] [143] [144

]
Chapter 6.
[145] [146] [147]
Underfull \vbox (badness 10000) has occurred while \output is active []

[148] [149] [150] [151]
Underfull \hbox (badness 1303) in paragraph at lines 4598--4600
[]\TU/lmr/m/n/10 because after the chocolate biscuit’s out, there’s only two bi
scuits left
 []

Missing character: There is no ♣ (U+2663) in font [lmroman10-regular]:mapping=t
ex-text;!
Missing character: There is no ♠ (U+2660) in font [lmroman10-regular]:mapping=t
ex-text;!
Missing character: There is no ♥ (U+2665) in font [lmroman10-regular]:mapping=t
ex-text;!
Missing character: There is no ♦ (U+2666) in font [lmroman10-regular]:mapping=t
ex-text;!
[152]
File: ../images/07_session/set_image.png Graphic file (type bmp)
<../images/07_session/set_image.png>
[153] [154] [155]
File: _main_files/figure-html/unnamed-chunk-168-1.png Graphic file (type bmp)
<_main_files/figure-html/unnamed-chunk-168-1.png>

Underfull \vbox (badness 10000) has occurred while \output is active []

[156]
File: _main_files/figure-html/unnamed-chunk-169-1.png Graphic file (type bmp)
<_main_files/figure-html/unnamed-chunk-169-1.png>

Underfull \vbox (badness 10000) has occurred while \output is active []

[157]
File: _main_files/figure-html/unnamed-chunk-170-1.png Graphic file (type bmp)
<_main_files/figure-html/unnamed-chunk-170-1.png>

Underfull \vbox (badness 10000) has occurred while \output is active []

[158] [159] [160] [161]
File: _main_files/figure-html/unnamed-chunk-172-1.png Graphic file (type bmp)
<_main_files/figure-html/unnamed-chunk-172-1.png>
[162]
Overfull \hbox (5.98128pt too wide) detected at line 4927
[][][][][] [] []
 []

File: _main_files/figure-html/unnamed-chunk-173-1.png Graphic file (type bmp)
<_main_files/figure-html/unnamed-chunk-173-1.png>

Underfull \vbox (badness 1867) has occurred while \output is active []

[163]
Overfull \hbox (83.0pt too wide) in alignment at lines 4977--4981
 [] [] [] [] [] [] [] [] [] [] [] [] [] [] [] [] [] [] [] [] 
 []


Overfull \hbox (83.0pt too wide) in alignment at lines 4981--4984
 [] [] [] [] [] [] [] [] [] [] [] [] [] [] [] [] [] [] [] [] 
 []

[164]
Overfull \hbox (83.0pt too wide) in alignment at lines 4988--4992
 [] [] [] [] [] [] [] [] [] [] [] [] [] [] [] [] [] [] [] [] 
 []


Overfull \hbox (83.0pt too wide) in alignment at lines 4992--4995
 [] [] [] [] [] [] [] [] [] [] [] [] [] [] [] [] [] [] [] [] 
 []


Overfull \hbox (83.0pt too wide) in alignment at lines 4997--5001
 [] [] [] [] [] [] [] [] [] [] [] [] [] [] [] [] [] [] [] [] 
 []


Overfull \hbox (83.0pt too wide) in alignment at lines 5001--5004
 [] [] [] [] [] [] [] [] [] [] [] [] [] [] [] [] [] [] [] [] 
 []


Overfull \hbox (83.0pt too wide) in alignment at lines 5008--5012
 [] [] [] [] [] [] [] [] [] [] [] [] [] [] [] [] [] [] [] [] 
 []


Overfull \hbox (83.0pt too wide) in alignment at lines 5012--5015
 [] [] [] [] [] [] [] [] [] [] [] [] [] [] [] [] [] [] [] [] 
 []


Overfull \hbox (83.0pt too wide) in alignment at lines 5017--5021
 [] [] [] [] [] [] [] [] [] [] [] [] [] [] [] [] [] [] [] [] 
 []


Overfull \hbox (83.0pt too wide) in alignment at lines 5021--5024
 [] [] [] [] [] [] [] [] [] [] [] [] [] [] [] [] [] [] [] [] 
 []


Overfull \hbox (83.0pt too wide) in alignment at lines 5028--5032
 [] [] [] [] [] [] [] [] [] [] [] [] [] [] [] [] [] [] [] [] 
 []


Overfull \hbox (83.0pt too wide) in alignment at lines 5032--5035
 [] [] [] [] [] [] [] [] [] [] [] [] [] [] [] [] [] [] [] [] 
 []


Overfull \hbox (83.0pt too wide) in alignment at lines 5037--5041
 [] [] [] [] [] [] [] [] [] [] [] [] [] [] [] [] [] [] [] [] 
 []


Overfull \hbox (83.0pt too wide) in alignment at lines 5041--5044
 [] [] [] [] [] [] [] [] [] [] [] [] [] [] [] [] [] [] [] [] 
 []

[165] [166] [167]
File: ../images/07_session/set_image.png Graphic file (type bmp)
<../images/07_session/set_image.png>
[168] [169]
Overfull \vbox (22.76886pt too high) has occurred while \output is active []

[170] [171]
File: _main_files/figure-html/unnamed-chunk-188-1.png Graphic file (type bmp)
<_main_files/figure-html/unnamed-chunk-188-1.png>
File: _main_files/figure-html/unnamed-chunk-189-1.png Graphic file (type bmp)
<_main_files/figure-html/unnamed-chunk-189-1.png>
[172]
File: _main_files/figure-html/unnamed-chunk-190-1.png Graphic file (type bmp)
<_main_files/figure-html/unnamed-chunk-190-1.png>

Underfull \vbox (badness 10000) has occurred while \output is active []

[173]
Overfull \hbox (1.5pt too wide) in paragraph at lines 5414--5414
[]\TU/lmtt/m/n/10 ## number of successes = 5, number of trials = 20, p-value = 
0.041[] 
 []


Overfull \hbox (43.5pt too wide) in paragraph at lines 5414--5414
[]\TU/lmtt/m/n/10 ## alternative hypothesis: true probability of success is not
 equal to 0.5[] 
 []

[174]
Overfull \hbox (6.75pt too wide) in paragraph at lines 5445--5445
[]\TU/lmtt/m/n/10 ## number of successes = 85, number of trials = 200, p-value 
= 0.04[] 
 []


Overfull \hbox (43.5pt too wide) in paragraph at lines 5445--5445
[]\TU/lmtt/m/n/10 ## alternative hypothesis: true probability of success is not
 equal to 0.5[] 
 []

[175] [176] (./preface.aux)

LaTeX Warning: Label(s) may have changed. Rerun to get cross-references right.

Package rerunfilecheck Info: File `preface.out' has not changed.
(rerunfilecheck)             Checksum: 61143E73989AA107D1926C386974A9EF;9631.
 ) 
Here is how much of TeX's memory you used:
 17754 strings out of 478918
 319809 string characters out of 5865692
 806475 words of memory out of 5000000
 37294 multiletter control sequences out of 15000+600000
 410882 words of font info for 91 fonts, out of 8000000 for 9000
 14 hyphenation exceptions out of 8191
 98i,14n,122p,1673b,476s stack positions out of 5000i,500n,10000p,200000b,80000s

Output written on preface.pdf (176 pages).
